<?xml version="1.0" encoding="UTF-8"?>
<testsuite name="TicTacToeStateTest" tests="3" skipped="0" failures="0" errors="0" timestamp="2015-09-27T19:21:13" hostname="Dmitriis-MacBook-Pro.local" time="0.001">
  <properties/>
  <testcase name="testClone" classname="TicTacToeStateTest" time="0.0"/>
  <testcase name="testEqual" classname="TicTacToeStateTest" time="0.0"/>
  <testcase name="testInequalSize" classname="TicTacToeStateTest" time="0.0"/>
  <system-out><![CDATA[Board Size not equal
Board Size not equal
]]></system-out>
  <system-err><![CDATA[]]></system-err>
</testsuite>
