<?xml version="1.0" encoding="UTF-8"?>
<testsuite name="TicTacToeMoveTest" tests="3" skipped="0" failures="0" errors="0" timestamp="2015-09-16T23:55:31" hostname="Dmitriis-MacBook-Pro.local" time="0.002">
  <properties/>
  <testcase name="testMoveX" classname="TicTacToeMoveTest" time="0.001"/>
  <testcase name="testMoveY" classname="TicTacToeMoveTest" time="0.0"/>
  <testcase name="testMovePlayer" classname="TicTacToeMoveTest" time="0.0"/>
  <system-out><![CDATA[]]></system-out>
  <system-err><![CDATA[]]></system-err>
</testsuite>
