<?xml version="1.0" encoding="UTF-8"?>
<testsuite name="TicTacToeTest" tests="7" skipped="0" failures="0" errors="0" timestamp="2015-09-27T19:21:13" hostname="Dmitriis-MacBook-Pro.local" time="0.001">
  <properties/>
  <testcase name="testGetBoard" classname="TicTacToeTest" time="0.0"/>
  <testcase name="testGetTurn" classname="TicTacToeTest" time="0.001"/>
  <testcase name="testNoWinner" classname="TicTacToeTest" time="0.0"/>
  <testcase name="testGetWinnerD" classname="TicTacToeTest" time="0.0"/>
  <testcase name="testGetWinnerH" classname="TicTacToeTest" time="0.0"/>
  <testcase name="testGetWinnerV" classname="TicTacToeTest" time="0.0"/>
  <testcase name="testUpdate" classname="TicTacToeTest" time="0.0"/>
  <system-out><![CDATA[]]></system-out>
  <system-err><![CDATA[]]></system-err>
</testsuite>
